2023-12-08 13:48:58.699 [info] Log level: Info
2023-12-08 13:48:58.699 [info] Validating found git in: "git"
2023-12-08 13:48:58.699 [info] Using git "2.39.2" from "git"
2023-12-08 13:49:01.545 [info] > git rev-parse --show-toplevel [71ms]
2023-12-08 13:49:06.837 [info] > git rev-parse --show-toplevel [7ms]
2023-12-08 13:49:06.883 [info] > git rev-parse --git-dir --git-common-dir [15ms]
2023-12-08 13:49:06.925 [info] Open repository: /home/pi
2023-12-08 13:49:06.974 [info] > git config --get commit.template [8ms]
2023-12-08 13:49:07.010 [info] No remotes found in the git config file.
2023-12-08 13:49:07.018 [info] > git for-each-ref --format=%(refname)%00%(upstream:short)%00%(objectname)%00%(upstream:track)%00%(upstream:remotename)%00%(upstream:remoteref) refs/heads/master refs/remotes/master [11ms]
2023-12-08 13:49:07.391 [info] > git show --textconv :Desktop/script.py [37ms]
2023-12-08 13:49:07.396 [info] > git ls-files --stage -- /home/pi/Desktop/script.py [8ms]
2023-12-08 13:49:07.435 [info] > git cat-file -s a6f91e85791e49106d7ba6b1f7be4ecc94780d4c [9ms]
2023-12-08 13:49:07.658 [info] > git check-ignore -v -z --stdin [4ms]
2023-12-08 13:49:13.599 [info] > git status -z -uall [6544ms] (cancelled)
2023-12-08 13:49:19.228 [info] > git config --get commit.template [20ms]
2023-12-08 13:49:19.265 [info] No remotes found in the git config file.
2023-12-08 13:49:19.269 [info] > git for-each-ref --format=%(refname)%00%(upstream:short)%00%(objectname)%00%(upstream:track)%00%(upstream:remotename)%00%(upstream:remoteref) refs/heads/master refs/remotes/master [5ms]
2023-12-08 13:49:23.693 [info] > git status -z -uall [4390ms] (cancelled)
2023-12-08 13:49:38.175 [info] > git for-each-ref --sort -committerdate --format %(refname) %(objectname) %(*objectname) [5ms]
2023-12-08 13:49:40.072 [info] > git checkout -q master [37ms]
2023-12-08 13:49:40.149 [info] No remotes found in the git config file.
2023-12-08 13:49:40.152 [info] > git config --get commit.template [42ms]
2023-12-08 13:49:40.190 [info] > git for-each-ref --format=%(refname)%00%(upstream:short)%00%(objectname)%00%(upstream:track)%00%(upstream:remotename)%00%(upstream:remoteref) refs/heads/master refs/remotes/master [43ms]
2023-12-08 13:49:44.147 [info] > git status -z -uall [3922ms] (cancelled)
2023-12-08 13:49:44.676 [info] > git ls-files --stage -- /home/pi/Desktop/script.py [15ms]
2023-12-08 13:49:44.719 [info] > git cat-file -s a6f91e85791e49106d7ba6b1f7be4ecc94780d4c [5ms]
2023-12-08 13:49:44.842 [info] > git show --textconv HEAD:Desktop/script.py [44ms]
2023-12-08 13:49:44.846 [info] > git ls-tree -l HEAD -- /home/pi/Desktop/script.py [7ms]
2023-12-08 13:49:44.894 [info] > git show --textconv :Desktop/script.py [5ms]
2023-12-08 13:49:57.659 [info] > git check-ignore -v -z --stdin [7ms]
2023-12-08 13:50:00.215 [info] > git check-ignore -v -z --stdin [13ms]
2023-12-08 13:50:11.178 [info] > git show --textconv HEAD:.config/chromium/AutofillStates/2020.11.2.164946/UZ [36ms]
2023-12-08 13:50:11.183 [info] > git ls-tree -l HEAD -- /home/pi/.config/chromium/AutofillStates/2020.11.2.164946/UZ [9ms]
2023-12-08 13:50:11.736 [info] > git check-ignore -v -z --stdin [16ms]
2023-12-08 13:50:12.569 [info] > git show --textconv HEAD:.config/chromium/AutofillStates/2020.11.2.164946/UA [38ms]
2023-12-08 13:50:12.573 [info] > git ls-tree -l HEAD -- /home/pi/.config/chromium/AutofillStates/2020.11.2.164946/UA [10ms]
2023-12-08 13:50:13.636 [info] > git check-ignore -v -z --stdin [3ms]
2023-12-08 13:50:14.323 [info] > git show --textconv HEAD:.config/chromium/AutofillStates/2020.11.2.164946/TG [60ms]
2023-12-08 13:50:14.326 [info] > git ls-tree -l HEAD -- /home/pi/.config/chromium/AutofillStates/2020.11.2.164946/TG [8ms]
2023-12-08 13:50:15.471 [info] > git check-ignore -v -z --stdin [4ms]
2023-12-08 13:50:15.761 [info] > git show --textconv HEAD:.config/chromium/AutofillStates/2020.11.2.164946/SH [36ms]
2023-12-08 13:50:15.764 [info] > git ls-tree -l HEAD -- /home/pi/.config/chromium/AutofillStates/2020.11.2.164946/SH [7ms]
2023-12-08 13:50:17.082 [info] > git show --textconv HEAD:.cache/mesa_shader_cache/d1/3f399339f522aa232ec3d9bc7078a710568983 [35ms]
2023-12-08 13:50:17.087 [info] > git ls-tree -l HEAD -- /home/pi/.cache/mesa_shader_cache/d1/3f399339f522aa232ec3d9bc7078a710568983 [8ms]
2023-12-08 13:50:17.162 [info] > git ls-tree -l HEAD -- /home/pi/.cache/mesa_shader_cache/d1/3f399339f522aa232ec3d9bc7078a710568983 [5ms]
2023-12-08 13:50:20.853 [info] > git check-ignore -v -z --stdin [29ms]
2023-12-08 13:50:22.066 [info] > git check-ignore -v -z --stdin [4ms]
2023-12-08 13:50:42.723 [info] > git ls-tree -l HEAD -- /home/pi/.cache/mesa_shader_cache/d1/3f399339f522aa232ec3d9bc7078a710568983 [5ms]
2023-12-08 13:50:43.707 [info] > git ls-tree -l HEAD -- /home/pi/.cache/mesa_shader_cache/d1/3f399339f522aa232ec3d9bc7078a710568983 [6ms]
2023-12-08 13:50:51.500 [info] > git check-ignore -v -z --stdin [4ms]
2023-12-08 13:50:53.726 [info] > git check-ignore -v -z --stdin [8ms]
2023-12-08 13:51:02.889 [info] > git check-ignore -v -z --stdin [10ms]
2023-12-08 13:51:05.546 [info] > git check-ignore -v -z --stdin [6ms]
2023-12-08 13:51:29.344 [info] > git show --textconv :Desktop/script.py [32ms]
2023-12-08 13:51:29.351 [info] > git ls-files --stage -- /home/pi/Desktop/script.py [8ms]
2023-12-08 13:51:29.384 [info] > git cat-file -s a6f91e85791e49106d7ba6b1f7be4ecc94780d4c [5ms]
2023-12-08 13:51:48.799 [info] > git check-ignore -v -z --stdin [10ms]
2023-12-08 13:51:51.486 [info] > git check-ignore -v -z --stdin [11ms]
2023-12-08 13:51:54.978 [info] > git check-ignore -v -z --stdin [10ms]
2023-12-08 13:51:56.008 [info] > git check-ignore -v -z --stdin [5ms]
2023-12-08 13:51:57.890 [info] > git check-ignore -v -z --stdin [9ms]
2023-12-08 13:51:58.638 [info] > git check-ignore -v -z --stdin [6ms]
2023-12-08 13:52:02.047 [info] > git check-ignore -v -z --stdin [8ms]
2023-12-08 13:52:40.412 [info] > git show --textconv HEAD:Desktop/script.py [34ms]
2023-12-08 13:52:40.427 [info] > git ls-tree -l HEAD -- /home/pi/Desktop/script.py [18ms]
