2023-11-24 13:18:53.187 [info] Log level: Info
2023-11-24 13:18:53.188 [info] Validating found git in: "git"
2023-11-24 13:18:53.188 [info] Using git "2.39.2" from "git"
2023-11-24 13:18:53.188 [info] > git rev-parse --show-toplevel [107ms]
2023-11-24 13:18:53.188 [info] fatal: not a git repository (or any of the parent directories): .git
2023-11-24 13:18:53.403 [info] > git rev-parse --show-toplevel [7ms]
2023-11-24 13:18:53.403 [info] fatal: not a git repository (or any of the parent directories): .git
2023-11-24 13:18:53.446 [info] > git rev-parse --show-toplevel [5ms]
2023-11-24 13:18:53.447 [info] fatal: not a git repository (or any of the parent directories): .git
2023-11-24 13:19:06.808 [info] > git rev-parse --show-toplevel [939ms]
2023-11-24 13:19:06.808 [info] fatal: not a git repository (or any of the parent directories): .git
2023-11-24 13:19:31.635 [info] > git rev-parse --show-toplevel [8ms]
2023-11-24 13:19:31.635 [info] fatal: not a git repository (or any of the parent directories): .git
2023-11-24 13:19:37.283 [info] > git rev-parse --show-toplevel [3ms]
2023-11-24 13:19:37.284 [info] fatal: not a git repository (or any of the parent directories): .git
2023-11-24 13:19:39.607 [info] > git rev-parse --show-toplevel [6ms]
2023-11-24 13:19:39.607 [info] fatal: not a git repository (or any of the parent directories): .git
2023-11-24 13:59:38.855 [info] > git rev-parse --show-toplevel [9ms]
2023-11-24 13:59:38.855 [info] fatal: not a git repository (or any of the parent directories): .git
2023-11-24 14:01:10.736 [info] > git rev-parse --show-toplevel [6ms]
2023-11-24 14:01:10.736 [info] fatal: not a git repository (or any of the parent directories): .git
2023-11-24 14:03:21.310 [info] > git rev-parse --show-toplevel [5ms]
2023-11-24 14:03:21.311 [info] fatal: not a git repository (or any of the parent directories): .git
2023-11-24 14:05:42.500 [info] > git rev-parse --show-toplevel [8ms]
2023-11-24 14:05:42.500 [info] fatal: not a git repository (or any of the parent directories): .git
2023-11-24 14:05:42.650 [info] > git rev-parse --show-toplevel [3ms]
2023-11-24 14:05:42.650 [info] fatal: not a git repository (or any of the parent directories): .git
2023-11-24 14:05:42.856 [info] > git rev-parse --show-toplevel [12ms]
2023-11-24 14:05:42.856 [info] fatal: not a git repository (or any of the parent directories): .git
2023-11-24 14:05:43.061 [info] > git rev-parse --show-toplevel [7ms]
2023-11-24 14:05:43.062 [info] fatal: not a git repository (or any of the parent directories): .git
2023-11-24 14:05:44.853 [info] > git rev-parse --show-toplevel [5ms]
2023-11-24 14:05:44.854 [info] fatal: not a git repository (or any of the parent directories): .git
2023-11-24 14:07:13.323 [info] > git rev-parse --show-toplevel [5ms]
2023-11-24 14:07:13.323 [info] fatal: not a git repository (or any of the parent directories): .git
2023-11-24 14:16:35.513 [info] > git rev-parse --show-toplevel [10ms]
2023-11-24 14:16:35.513 [info] fatal: not a git repository (or any of the parent directories): .git
2023-11-24 14:16:42.753 [info] > git rev-parse --show-toplevel [10ms]
2023-11-24 14:16:42.753 [info] fatal: not a git repository (or any of the parent directories): .git
2023-11-24 14:16:59.283 [info] > git rev-parse --show-toplevel [10ms]
2023-11-24 14:16:59.283 [info] fatal: not a git repository (or any of the parent directories): .git
2023-11-24 14:17:20.431 [info] > git rev-parse --show-toplevel [4ms]
2023-11-24 14:17:20.431 [info] fatal: not a git repository (or any of the parent directories): .git
2023-11-24 14:17:28.694 [info] > git rev-parse --show-toplevel [7ms]
2023-11-24 14:17:28.694 [info] fatal: not a git repository (or any of the parent directories): .git
2023-11-24 14:17:33.210 [info] > git rev-parse --show-toplevel [9ms]
2023-11-24 14:17:33.211 [info] fatal: not a git repository (or any of the parent directories): .git
2023-11-24 14:18:25.276 [info] > git rev-parse --show-toplevel [13ms]
2023-11-24 14:18:25.276 [info] fatal: not a git repository (or any of the parent directories): .git
2023-11-24 14:18:25.781 [info] > git rev-parse --show-toplevel [6ms]
2023-11-24 14:18:25.781 [info] fatal: not a git repository (or any of the parent directories): .git
2023-11-24 14:18:29.083 [info] > git rev-parse --show-toplevel [7ms]
2023-11-24 14:18:29.083 [info] fatal: not a git repository (or any of the parent directories): .git
2023-11-24 14:18:41.859 [info] > git rev-parse --show-toplevel [7ms]
2023-11-24 14:18:41.859 [info] fatal: not a git repository (or any of the parent directories): .git
2023-11-24 14:18:52.984 [info] > git rev-parse --show-toplevel [9ms]
2023-11-24 14:18:52.984 [info] fatal: not a git repository (or any of the parent directories): .git
2023-11-24 14:21:38.949 [info] > git rev-parse --show-toplevel [3ms]
2023-11-24 14:21:38.949 [info] fatal: not a git repository (or any of the parent directories): .git
2023-11-24 14:21:39.084 [info] > git rev-parse --show-toplevel [3ms]
2023-11-24 14:21:39.084 [info] fatal: not a git repository (or any of the parent directories): .git
2023-11-24 14:21:41.676 [info] > git rev-parse --show-toplevel [5ms]
2023-11-24 14:21:41.676 [info] fatal: not a git repository (or any of the parent directories): .git
2023-11-24 14:31:56.391 [info] > git rev-parse --show-toplevel [8ms]
2023-11-24 14:31:56.391 [info] fatal: not a git repository (or any of the parent directories): .git
