2023-11-24 13:18:51.252 [info] Extension host with pid 2559 started
2023-11-24 13:18:51.355 [info] Lock '/home/pi/.vscode-server/data/User/workspaceStorage/e8b6a4f74cb7e7c73c0c2228490b296c/vscode.lock': Lock acquired.
2023-11-24 13:18:51.471 [info] ExtensionService#_doActivateExtension vscode.git-base, startup: true, activationEvent: '*', root cause: vscode.git
2023-11-24 13:18:51.562 [info] ExtensionService#_doActivateExtension vscode.git, startup: true, activationEvent: '*'
2023-11-24 13:18:51.563 [info] ExtensionService#_doActivateExtension vscode.github, startup: true, activationEvent: '*'
2023-11-24 13:18:52.117 [info] Eager extensions activated
2023-11-24 13:18:52.119 [info] ExtensionService#_doActivateExtension vscode.debug-auto-launch, startup: false, activationEvent: 'onStartupFinished'
2023-11-24 13:18:52.120 [info] ExtensionService#_doActivateExtension vscode.merge-conflict, startup: false, activationEvent: 'onStartupFinished'
2023-11-24 13:18:54.430 [error] Error: getaddrinfo ENOTFOUND mobile.events.data.microsoft.com
	at GetAddrInfoReqWrap.onlookup [as oncomplete] (node:dns:109:26)
2023-11-24 13:19:05.849 [info] ExtensionService#_doActivateExtension ms-python.python, startup: false, activationEvent: 'onLanguage:python'
2023-11-24 13:19:05.851 [info] ExtensionService#_doActivateExtension vscode.emmet, startup: false, activationEvent: 'onLanguage'
2023-11-24 13:19:07.263 [info] ExtensionService#_doActivateExtension ms-python.vscode-pylance, startup: false, activationEvent: 'onLanguage:python'
2023-11-24 13:19:10.036 [error] Error: getaddrinfo ENOTFOUND mobile.events.data.microsoft.com
	at GetAddrInfoReqWrap.onlookup [as oncomplete] (node:dns:109:26)
2023-11-24 13:19:30.210 [info] ExtensionService#_doActivateExtension vscode.debug-server-ready, startup: false, activationEvent: 'onDebugResolve'
2023-11-24 14:12:04.414 [error] [ms-python.python] provider FAILED
2023-11-24 14:12:04.414 [error] TypeError: Cannot read properties of undefined (reading 'data')
	at /home/pi/.vscode-server/extensions/ms-python.vscode-pylance-2023.11.10/dist/extension.bundle.js:1:133005
	at _0x9ba18e (/home/pi/.vscode-server/extensions/ms-python.vscode-pylance-2023.11.10/dist/extension.bundle.js:1:144766)
	at async q.provideCompletionItems (/home/pi/.vscode-server/bin/695af097c7bd098fbf017ce3ac85e09bbc5dda06/out/vs/workbench/api/node/extensionHostProcess.js:102:51239)
2023-11-24 14:36:53.303 [error] [ms-python.python] provider FAILED
2023-11-24 14:36:53.303 [error] TypeError: Cannot read properties of undefined (reading 'data')
	at /home/pi/.vscode-server/extensions/ms-python.vscode-pylance-2023.11.10/dist/extension.bundle.js:1:133005
	at _0x9ba18e (/home/pi/.vscode-server/extensions/ms-python.vscode-pylance-2023.11.10/dist/extension.bundle.js:1:144766)
	at async q.provideCompletionItems (/home/pi/.vscode-server/bin/695af097c7bd098fbf017ce3ac85e09bbc5dda06/out/vs/workbench/api/node/extensionHostProcess.js:102:51239)
